[main] INFO  managers.WebDriverManager  - Chrome driver is initiated
[main] INFO  managers.WebDriverManager  - Browser setup completed
[main] INFO  pageObjects.HomePage  - Launch the url
[main] INFO  pageObjects.HomePage  - Enter the search text SecurePay
[main] INFO  pageObjects.HomePage  - Search has sumbitted
[main] INFO  pageObjects.HomePage  - First search link Clicked
[main] INFO  pageObjects.SecurePayHomePage  - ContactUs link is clicked
[main] INFO  pageObjects.SecurePayContactUsPage  - Form details are entered
[main] INFO  managers.WebDriverManager  - All Browser instances are teriminated
[main] INFO  managers.WebDriverManager  - Chrome driver is initiated
[main] INFO  managers.WebDriverManager  - Browser setup completed
[main] INFO  pageObjects.HomePage  - Launch the url
[main] INFO  pageObjects.HomePage  - Enter the search text SecurePay
[main] INFO  pageObjects.HomePage  - Search has sumbitted
[main] INFO  pageObjects.HomePage  - First search link Clicked
[main] INFO  pageObjects.SecurePayHomePage  - SecurePay Home page Title is returned
[main] INFO  managers.WebDriverManager  - All Browser instances are teriminated
[main] INFO  managers.WebDriverManager  - Chrome driver is initiated
[main] INFO  managers.WebDriverManager  - Browser setup completed
[main] INFO  pageObjects.HomePage  - Launch the url
[main] INFO  pageObjects.HomePage  - Enter the search text SecurePay
[main] INFO  pageObjects.HomePage  - Search has sumbitted
[main] INFO  pageObjects.HomePage  - First search link Clicked
[main] INFO  pageObjects.SecurePayHomePage  - ContactUs link is clicked
[main] INFO  pageObjects.SecurePayContactUsPage  - ContactUs Page title is returned
[main] INFO  managers.WebDriverManager  - All Browser instances are teriminated
[main] INFO  managers.WebDriverManager  - Chrome driver is initiated
[main] INFO  managers.WebDriverManager  - Browser setup completed
[main] INFO  pageObjects.HomePage  - Launch the url
[main] INFO  pageObjects.HomePage  - Enter the search text SecurePay
[main] INFO  pageObjects.HomePage  - Search has sumbitted
[main] INFO  pageObjects.HomePage  - First search link Clicked
[main] INFO  pageObjects.SecurePayHomePage  - ContactUs link is clicked
[main] INFO  pageObjects.SecurePayContactUsPage  - Form details are entered
[main] INFO  managers.WebDriverManager  - All Browser instances are teriminated
[main] INFO  managers.WebDriverManager  - Chrome driver is initiated
[main] INFO  managers.WebDriverManager  - Browser setup completed
[main] INFO  pageObjects.HomePage  - Launch the url
[main] INFO  pageObjects.HomePage  - Enter the search text SecurePay
[main] INFO  pageObjects.HomePage  - Search has sumbitted
[main] INFO  pageObjects.HomePage  - First search link Clicked
[main] INFO  pageObjects.SecurePayHomePage  - ContactUs link is clicked
[main] INFO  pageObjects.SecurePayContactUsPage  - Form details are entered
[main] INFO  managers.WebDriverManager  - All Browser instances are teriminated
